<?xml version="1.0" encoding="utf-8"?><testsuites name="pytest tests"><testsuite name="pytest" errors="0" failures="0" skipped="0" tests="14" time="4.669" timestamp="2026-05-15T08:07:19.245593+00:00" hostname="agent-env-f4e9b82d-d4c4-4c08-ab24-2e27c4a9636f"><testcase classname="backend.tests.test_homefinder_api.TestHealth" name="test_root" time="0.138" /><testcase classname="backend.tests.test_homefinder_api.TestAuthLogin" name="test_login_success_returns_challenge_and_simulated_code" time="0.496" /><testcase classname="backend.tests.test_homefinder_api.TestAuthLogin" name="test_login_wrong_password_returns_401" time="0.269" /><testcase classname="backend.tests.test_homefinder_api.TestAuthMfa" name="test_mfa_verify_success" time="0.770" /><testcase classname="backend.tests.test_homefinder_api.TestAuthMfa" name="test_mfa_verify_wrong_code_returns_401" time="0.773" /><testcase classname="backend.tests.test_homefinder_api.TestAuthMfa" name="test_mfa_replay_attack_returns_401" time="0.821" /><testcase classname="backend.tests.test_homefinder_api.TestAuthMe" name="test_me_with_token" time="0.812" /><testcase classname="backend.tests.test_homefinder_api.TestAuthMe" name="test_me_without_token" time="0.107" /><testcase classname="backend.tests.test_homefinder_api.TestProperties" name="test_list_returns_seeded" time="0.049" /><testcase classname="backend.tests.test_homefinder_api.TestProperties" name="test_filter_by_location" time="0.046" /><testcase classname="backend.tests.test_homefinder_api.TestProperties" name="test_filter_by_price_range" time="0.046" /><testcase classname="backend.tests.test_homefinder_api.TestAdminCRUD" name="test_create_requires_admin_token" time="0.045" /><testcase classname="backend.tests.test_homefinder_api.TestAdminCRUD" name="test_create_update_delete_flow" time="0.276" /><testcase classname="backend.tests.test_homefinder_api.TestSingleton" name="test_session_manager_singleton" time="0.002" /></testsuite></testsuites>